current directory: /home/hp/Desktop/add_third_party_api/.gems/ruby/3.2.0/gems/executable-hooks-1.6.1/ext/wrapper_installer
/usr/share/rvm/rubies/ruby-3.2.2/bin/ruby extconf.rb
bootsnap 1.17.0
bootsnap 1.16.0
bundler 2.4.22
bundler 2.4.19
byebug 11.1.3
debug 1.9.0
debug 1.8.0
diff-lcs 1.5.0
dotenv 2.8.1
erb 4.0.2
faker 3.2.2
httparty 0.21.0
irb 1.10.1
irb 1.8.1
irb 1.6.2
nokogiri 1.15.5
nokogiri 1.15.5
nokogiri 1.15.4
oauth-tty 1.0.5
parser 3.2.2.4
parser 3.2.2.3
puma 5.6.7
racc 1.7.3
racc 1.7.1
racc 1.6.2
rack 2.2.8
railties 7.0.8
rake 13.1.0
rake 13.0.6
rdoc 6.6.1
rdoc 6.5.0
rspec-core 3.12.2
rubocop 1.59.0
rubocop 1.56.2
sprockets 4.2.1
thor 1.3.0
thor 1.2.2
tilt 2.3.0

current directory: /home/hp/Desktop/add_third_party_api/.gems/ruby/3.2.0/gems/executable-hooks-1.6.1/ext/wrapper_installer
make DESTDIR\= sitearchdir\=./.gem.20231214-8071-qad9ee sitelibdir\=./.gem.20231214-8071-qad9ee clean
make: *** No rule to make target 'clean'.  Stop.

current directory: /home/hp/Desktop/add_third_party_api/.gems/ruby/3.2.0/gems/executable-hooks-1.6.1/ext/wrapper_installer
make DESTDIR\= sitearchdir\=./.gem.20231214-8071-qad9ee sitelibdir\=./.gem.20231214-8071-qad9ee
make: Nothing to be done for 'all'.

current directory: /home/hp/Desktop/add_third_party_api/.gems/ruby/3.2.0/gems/executable-hooks-1.6.1/ext/wrapper_installer
make DESTDIR\= sitearchdir\=./.gem.20231214-8071-qad9ee sitelibdir\=./.gem.20231214-8071-qad9ee install
make: Nothing to be done for 'install'.

current directory: /home/hp/Desktop/add_third_party_api/.gems/ruby/3.2.0/gems/executable-hooks-1.6.1/ext/wrapper_installer
make DESTDIR\= sitearchdir\=./.gem.20231214-8071-qad9ee sitelibdir\=./.gem.20231214-8071-qad9ee clean
make: *** No rule to make target 'clean'.  Stop.
