current directory: /home/hp/Desktop/add_third_party_api/.gems/ruby/3.2.0/gems/date-3.3.4/ext/date
/usr/share/rvm/rubies/ruby-3.2.2/bin/ruby extconf.rb
checking for rb_category_warn()... yes
checking for timezone in time.h with  -Werror... yes
checking for altzone in time.h with  -Werror... no
creating Makefile

current directory: /home/hp/Desktop/add_third_party_api/.gems/ruby/3.2.0/gems/date-3.3.4/ext/date
make DESTDIR\= sitearchdir\=./.gem.20231212-29784-7sduuu sitelibdir\=./.gem.20231212-29784-7sduuu clean

current directory: /home/hp/Desktop/add_third_party_api/.gems/ruby/3.2.0/gems/date-3.3.4/ext/date
make DESTDIR\= sitearchdir\=./.gem.20231212-29784-7sduuu sitelibdir\=./.gem.20231212-29784-7sduuu
compiling date_core.c
compiling date_parse.c
compiling date_strftime.c
compiling date_strptime.c
linking shared-object date_core.so

current directory: /home/hp/Desktop/add_third_party_api/.gems/ruby/3.2.0/gems/date-3.3.4/ext/date
make DESTDIR\= sitearchdir\=./.gem.20231212-29784-7sduuu sitelibdir\=./.gem.20231212-29784-7sduuu install
/usr/bin/install -m 0755 date_core.so ./.gem.20231212-29784-7sduuu

current directory: /home/hp/Desktop/add_third_party_api/.gems/ruby/3.2.0/gems/date-3.3.4/ext/date
make DESTDIR\= sitearchdir\=./.gem.20231212-29784-7sduuu sitelibdir\=./.gem.20231212-29784-7sduuu clean
