current directory: /home/hp/Desktop/add_third_party_api/.gems/ruby/3.2.0/gems/sqlite3-1.6.9/ext/sqlite3
/usr/share/rvm/rubies/ruby-3.2.2/bin/ruby extconf.rb
Building sqlite3-ruby using packaged sqlite3.
Extracting sqlite-autoconf-3440200.tar.gz into tmp/x86_64-linux-gnu/ports/sqlite3/3.44.2... OK
Running 'configure' for sqlite3 3.44.2... OK
Running 'compile' for sqlite3 3.44.2... OK
Running 'install' for sqlite3 3.44.2... OK
Activating sqlite3 3.44.2 (from /home/hp/Desktop/add_third_party_api/.gems/ruby/3.2.0/gems/sqlite3-1.6.9/ports/x86_64-linux-gnu/sqlite3/3.44.2)...
checking for whether -L/home/hp/Desktop/add_third_party_api/.gems/ruby/3.2.0/gems/sqlite3-1.6.9/ports/x86_64-linux-gnu/sqlite3/3.44.2/lib is accepted as LDFLAGS... yes
checking for whether -lsqlite3 is accepted as LDFLAGS... yes
checking for whether -lz is accepted as LDFLAGS... yes
checking for whether -lm is accepted as LDFLAGS... yes
checking for whether -fvisibility=hidden is accepted as CFLAGS... yes
checking for sqlite3.h... yes
checking for sqlite3_libversion_number() in -lsqlite3... yes
checking for rb_proc_arity()... yes
checking for rb_integer_pack()... yes
checking for sqlite3_initialize()... yes
checking for sqlite3_backup_init()... yes
checking for sqlite3_column_database_name()... no
checking for sqlite3_enable_load_extension()... yes
checking for sqlite3_load_extension()... yes
checking for sqlite3_open_v2()... yes
checking for sqlite3_prepare_v2()... yes
checking for sqlite3_int64 in sqlite3.h... yes
checking for sqlite3_uint64 in sqlite3.h... yes
creating Makefile

current directory: /home/hp/Desktop/add_third_party_api/.gems/ruby/3.2.0/gems/sqlite3-1.6.9/ext/sqlite3
make DESTDIR\= sitearchdir\=./.gem.20231212-36998-pvphh sitelibdir\=./.gem.20231212-36998-pvphh clean

current directory: /home/hp/Desktop/add_third_party_api/.gems/ruby/3.2.0/gems/sqlite3-1.6.9/ext/sqlite3
make DESTDIR\= sitearchdir\=./.gem.20231212-36998-pvphh sitelibdir\=./.gem.20231212-36998-pvphh
compiling aggregator.c
compiling backup.c
compiling database.c
compiling exception.c
compiling sqlite3.c
compiling statement.c
linking shared-object sqlite3/sqlite3_native.so

current directory: /home/hp/Desktop/add_third_party_api/.gems/ruby/3.2.0/gems/sqlite3-1.6.9/ext/sqlite3
make DESTDIR\= sitearchdir\=./.gem.20231212-36998-pvphh sitelibdir\=./.gem.20231212-36998-pvphh install
/usr/bin/install -m 0755 sqlite3_native.so ./.gem.20231212-36998-pvphh/sqlite3

current directory: /home/hp/Desktop/add_third_party_api/.gems/ruby/3.2.0/gems/sqlite3-1.6.9/ext/sqlite3
make DESTDIR\= sitearchdir\=./.gem.20231212-36998-pvphh sitelibdir\=./.gem.20231212-36998-pvphh clean
